<?xml version="1.0" encoding="UTF-8"?>
<testsuite xmlns:xsi="http://www.w3.org/2001/XMLSchema-instance" xsi:noNamespaceSchemaLocation="https://maven.apache.org/surefire/maven-surefire-plugin/xsd/surefire-test-report.xsd" version="3.0.2" name="com.virtualcard.card_aggregate.test.CardAggregateServiceTest" time="0.633" tests="5" errors="0" skipped="0" failures="0">
  <properties>
[...]
</properties>
  <testcase name="testTopup_shouldSucceed" classname="com.virtualcard.card_aggregate.test.CardAggregateServiceTest" time="0.377"/>
  <testcase name="testSpend_shouldFail" classname="com.virtualcard.card_aggregate.test.CardAggregateServiceTest" time="0.022">
    <system-out><![CDATA[17:26:34.704 [reactor-http-epoll-3] ERROR com.virtualcard.card_aggregate.service.CardAggregateIntegrationService -- Got an unexpected HTTP error: 500 INTERNAL_SERVER_ERROR, will rethrow it
17:26:34.705 [reactor-http-epoll-3] ERROR com.virtualcard.card_aggregate.service.CardAggregateIntegrationService -- Error body: 
]]></system-out>
  </testcase>
  <testcase name="testSpend_shouldSucceed" classname="com.virtualcard.card_aggregate.test.CardAggregateServiceTest" time="0.008"/>
  <testcase name="testTopup_shouldFail" classname="com.virtualcard.card_aggregate.test.CardAggregateServiceTest" time="0.005">
    <system-out><![CDATA[17:26:34.720 [reactor-http-epoll-5] ERROR com.virtualcard.card_aggregate.service.CardAggregateIntegrationService -- Got an unexpected HTTP error: 500 INTERNAL_SERVER_ERROR, will rethrow it
17:26:34.720 [reactor-http-epoll-5] ERROR com.virtualcard.card_aggregate.service.CardAggregateIntegrationService -- Error body: 
]]></system-out>
  </testcase>
  <testcase name="testSpend_rateLimitExceeded" classname="com.virtualcard.card_aggregate.test.CardAggregateServiceTest" time="0.185"/>
</testsuite>